<?xml version="1.0" encoding="UTF-8"?>
<testsuite name="com.sahngju.first.web.IndexControllerTest" tests="1" skipped="0" failures="0" errors="0" timestamp="2020-02-23T13:34:17" hostname="SJ-DESKTOP" time="0.453">
  <properties/>
  <testcase name="loadingMainPage" classname="com.sahngju.first.web.IndexControllerTest" time="0.453"/>
  <system-out><![CDATA[22:34:08.992 [Test worker] DEBUG org.springframework.test.context.junit4.SpringJUnit4ClassRunner - SpringJUnit4ClassRunner constructor called with [class com.sahngju.first.web.IndexControllerTest]
22:34:09.002 [Test worker] DEBUG org.springframework.test.context.BootstrapUtils - Instantiating CacheAwareContextLoaderDelegate from class [org.springframework.test.context.cache.DefaultCacheAwareContextLoaderDelegate]
22:34:09.018 [Test worker] DEBUG org.springframework.test.context.BootstrapUtils - Instantiating BootstrapContext using constructor [public org.springframework.test.context.support.DefaultBootstrapContext(java.lang.Class,org.springframework.test.context.CacheAwareContextLoaderDelegate)]
22:34:09.045 [Test worker] DEBUG org.springframework.test.context.BootstrapUtils - Instantiating TestContextBootstrapper for test class [com.sahngju.first.web.IndexControllerTest] from class [org.springframework.boot.test.context.SpringBootTestContextBootstrapper]
22:34:09.066 [Test worker] INFO org.springframework.boot.test.context.SpringBootTestContextBootstrapper - Neither @ContextConfiguration nor @ContextHierarchy found for test class [com.sahngju.first.web.IndexControllerTest], using SpringBootContextLoader
22:34:09.073 [Test worker] DEBUG org.springframework.test.context.support.AbstractContextLoader - Did not detect default resource location for test class [com.sahngju.first.web.IndexControllerTest]: class path resource [com/sahngju/first/web/IndexControllerTest-context.xml] does not exist
22:34:09.073 [Test worker] DEBUG org.springframework.test.context.support.AbstractContextLoader - Did not detect default resource location for test class [com.sahngju.first.web.IndexControllerTest]: class path resource [com/sahngju/first/web/IndexControllerTestContext.groovy] does not exist
22:34:09.073 [Test worker] INFO org.springframework.test.context.support.AbstractContextLoader - Could not detect default resource locations for test class [com.sahngju.first.web.IndexControllerTest]: no resource found for suffixes {-context.xml, Context.groovy}.
22:34:09.075 [Test worker] INFO org.springframework.test.context.support.AnnotationConfigContextLoaderUtils - Could not detect default configuration classes for test class [com.sahngju.first.web.IndexControllerTest]: IndexControllerTest does not declare any static, non-private, non-final, nested classes annotated with @Configuration.
22:34:09.136 [Test worker] DEBUG org.springframework.test.context.support.ActiveProfilesUtils - Could not find an 'annotation declaring class' for annotation type [org.springframework.test.context.ActiveProfiles] and class [com.sahngju.first.web.IndexControllerTest]
22:34:09.270 [Test worker] DEBUG org.springframework.context.annotation.ClassPathScanningCandidateComponentProvider - Identified candidate component class: file [C:\Users\sahng\IdeaProjects\sprintboot2\build\classes\java\main\com\sahngju\first\Application.class]
22:34:09.272 [Test worker] INFO org.springframework.boot.test.context.SpringBootTestContextBootstrapper - Found @SpringBootConfiguration com.sahngju.first.Application for test class com.sahngju.first.web.IndexControllerTest
22:34:09.414 [Test worker] DEBUG org.springframework.boot.test.context.SpringBootTestContextBootstrapper - @TestExecutionListeners is not present for class [com.sahngju.first.web.IndexControllerTest]: using defaults.
22:34:09.415 [Test worker] INFO org.springframework.boot.test.context.SpringBootTestContextBootstrapper - Loaded default TestExecutionListener class names from location [META-INF/spring.factories]: [org.springframework.boot.test.autoconfigure.restdocs.RestDocsTestExecutionListener, org.springframework.boot.test.autoconfigure.web.client.MockRestServiceServerResetTestExecutionListener, org.springframework.boot.test.autoconfigure.web.servlet.MockMvcPrintOnlyOnFailureTestExecutionListener, org.springframework.boot.test.autoconfigure.web.servlet.WebDriverTestExecutionListener, org.springframework.boot.test.mock.mockito.MockitoTestExecutionListener, org.springframework.boot.test.mock.mockito.ResetMocksTestExecutionListener, org.springframework.test.context.web.ServletTestExecutionListener, org.springframework.test.context.support.DirtiesContextBeforeModesTestExecutionListener, org.springframework.test.context.support.DependencyInjectionTestExecutionListener, org.springframework.test.context.support.DirtiesContextTestExecutionListener, org.springframework.test.context.transaction.TransactionalTestExecutionListener, org.springframework.test.context.jdbc.SqlScriptsTestExecutionListener]
22:34:09.444 [Test worker] INFO org.springframework.boot.test.context.SpringBootTestContextBootstrapper - Using TestExecutionListeners: [org.springframework.test.context.web.ServletTestExecutionListener@7b98b14a, org.springframework.test.context.support.DirtiesContextBeforeModesTestExecutionListener@3372c77, org.springframework.boot.test.mock.mockito.MockitoTestExecutionListener@34829373, org.springframework.boot.test.autoconfigure.SpringBootDependencyInjectionTestExecutionListener@546c988e, org.springframework.test.context.support.DirtiesContextTestExecutionListener@6a4071a8, org.springframework.test.context.transaction.TransactionalTestExecutionListener@502eac03, org.springframework.test.context.jdbc.SqlScriptsTestExecutionListener@7017a47e, org.springframework.boot.test.autoconfigure.restdocs.RestDocsTestExecutionListener@400ffa1a, org.springframework.boot.test.autoconfigure.web.client.MockRestServiceServerResetTestExecutionListener@292b0e82, org.springframework.boot.test.autoconfigure.web.servlet.MockMvcPrintOnlyOnFailureTestExecutionListener@cc0e110, org.springframework.boot.test.autoconfigure.web.servlet.WebDriverTestExecutionListener@41b980a2, org.springframework.boot.test.mock.mockito.ResetMocksTestExecutionListener@7e597da5]
22:34:09.448 [Test worker] DEBUG org.springframework.test.annotation.ProfileValueUtils - Retrieved @ProfileValueSourceConfiguration [null] for test class [com.sahngju.first.web.IndexControllerTest]
22:34:09.448 [Test worker] DEBUG org.springframework.test.annotation.ProfileValueUtils - Retrieved ProfileValueSource type [class org.springframework.test.annotation.SystemProfileValueSource] for class [com.sahngju.first.web.IndexControllerTest]
22:34:09.451 [Test worker] DEBUG org.springframework.test.annotation.ProfileValueUtils - Retrieved @ProfileValueSourceConfiguration [null] for test class [com.sahngju.first.web.IndexControllerTest]
22:34:09.451 [Test worker] DEBUG org.springframework.test.annotation.ProfileValueUtils - Retrieved ProfileValueSource type [class org.springframework.test.annotation.SystemProfileValueSource] for class [com.sahngju.first.web.IndexControllerTest]
22:34:09.452 [Test worker] DEBUG org.springframework.test.annotation.ProfileValueUtils - Retrieved @ProfileValueSourceConfiguration [null] for test class [com.sahngju.first.web.IndexControllerTest]
22:34:09.452 [Test worker] DEBUG org.springframework.test.annotation.ProfileValueUtils - Retrieved ProfileValueSource type [class org.springframework.test.annotation.SystemProfileValueSource] for class [com.sahngju.first.web.IndexControllerTest]
22:34:09.459 [Test worker] DEBUG org.springframework.test.context.support.AbstractDirtiesContextTestExecutionListener - Before test class: context [DefaultTestContext@3a030584 testClass = IndexControllerTest, testInstance = [null], testMethod = [null], testException = [null], mergedContextConfiguration = [WebMergedContextConfiguration@34a301ad testClass = IndexControllerTest, locations = '{}', classes = '{class com.sahngju.first.Application}', contextInitializerClasses = '[]', activeProfiles = '{}', propertySourceLocations = '{}', propertySourceProperties = '{org.springframework.boot.test.context.SpringBootTestContextBootstrapper=true, server.port=0}', contextCustomizers = set[org.springframework.boot.test.autoconfigure.properties.PropertyMappingContextCustomizer@0, org.springframework.boot.test.autoconfigure.web.servlet.WebDriverContextCustomizerFactory$Customizer@350d3b65, org.springframework.boot.test.context.filter.ExcludeFilterContextCustomizer@2f16dae5, org.springframework.boot.test.json.DuplicateJsonObjectContextCustomizerFactory$DuplicateJsonObjectContextCustomizer@577de81b, org.springframework.boot.test.mock.mockito.MockitoContextCustomizer@0, org.springframework.boot.test.web.client.TestRestTemplateContextCustomizer@45addeba], resourceBasePath = 'src/main/webapp', contextLoader = 'org.springframework.boot.test.context.SpringBootContextLoader', parent = [null]], attributes = map['org.springframework.test.context.web.ServletTestExecutionListener.activateListener' -> false]], class annotated with @DirtiesContext [false] with mode [null].
22:34:09.460 [Test worker] DEBUG org.springframework.test.annotation.ProfileValueUtils - Retrieved @ProfileValueSourceConfiguration [null] for test class [com.sahngju.first.web.IndexControllerTest]
22:34:09.460 [Test worker] DEBUG org.springframework.test.annotation.ProfileValueUtils - Retrieved ProfileValueSource type [class org.springframework.test.annotation.SystemProfileValueSource] for class [com.sahngju.first.web.IndexControllerTest]
22:34:09.466 [Test worker] DEBUG org.springframework.test.context.support.DependencyInjectionTestExecutionListener - Performing dependency injection for test context [[DefaultTestContext@3a030584 testClass = IndexControllerTest, testInstance = com.sahngju.first.web.IndexControllerTest@7b50ffda, testMethod = [null], testException = [null], mergedContextConfiguration = [WebMergedContextConfiguration@34a301ad testClass = IndexControllerTest, locations = '{}', classes = '{class com.sahngju.first.Application}', contextInitializerClasses = '[]', activeProfiles = '{}', propertySourceLocations = '{}', propertySourceProperties = '{org.springframework.boot.test.context.SpringBootTestContextBootstrapper=true, server.port=0}', contextCustomizers = set[org.springframework.boot.test.autoconfigure.properties.PropertyMappingContextCustomizer@0, org.springframework.boot.test.autoconfigure.web.servlet.WebDriverContextCustomizerFactory$Customizer@350d3b65, org.springframework.boot.test.context.filter.ExcludeFilterContextCustomizer@2f16dae5, org.springframework.boot.test.json.DuplicateJsonObjectContextCustomizerFactory$DuplicateJsonObjectContextCustomizer@577de81b, org.springframework.boot.test.mock.mockito.MockitoContextCustomizer@0, org.springframework.boot.test.web.client.TestRestTemplateContextCustomizer@45addeba], resourceBasePath = 'src/main/webapp', contextLoader = 'org.springframework.boot.test.context.SpringBootContextLoader', parent = [null]], attributes = map['org.springframework.test.context.web.ServletTestExecutionListener.activateListener' -> false]]].
22:34:09.493 [Test worker] DEBUG org.springframework.test.context.support.TestPropertySourceUtils - Adding inlined properties to environment: {spring.jmx.enabled=false, org.springframework.boot.test.context.SpringBootTestContextBootstrapper=true, server.port=0}

  .   ____          _            __ _ _
 /\\ / ___'_ __ _ _(_)_ __  __ _ \ \ \ \
( ( )\___ | '_ | '_| | '_ \/ _` | \ \ \ \
 \\/  ___)| |_)| | | | | || (_| |  ) ) ) )
  '  |____| .__|_| |_|_| |_\__, | / / / /
 =========|_|==============|___/=/_/_/_/
 :: Spring Boot ::        (v2.1.7.RELEASE)

2020-02-23 22:34:09.893  INFO 8152 --- [    Test worker] c.sahngju.first.web.IndexControllerTest  : Starting IndexControllerTest on SJ-Desktop with PID 8152 (started by sahng in C:\Users\sahng\IdeaProjects\sprintboot2)
2020-02-23 22:34:09.895  INFO 8152 --- [    Test worker] c.sahngju.first.web.IndexControllerTest  : No active profile set, falling back to default profiles: default
2020-02-23 22:34:10.982  INFO 8152 --- [    Test worker] .s.d.r.c.RepositoryConfigurationDelegate : Bootstrapping Spring Data repositories in DEFAULT mode.
2020-02-23 22:34:11.079  INFO 8152 --- [    Test worker] .s.d.r.c.RepositoryConfigurationDelegate : Finished Spring Data repository scanning in 86ms. Found 1 repository interfaces.
2020-02-23 22:34:11.603  INFO 8152 --- [    Test worker] trationDelegate$BeanPostProcessorChecker : Bean 'org.springframework.transaction.annotation.ProxyTransactionManagementConfiguration' of type [org.springframework.transaction.annotation.ProxyTransactionManagementConfiguration$$EnhancerBySpringCGLIB$$9974a65e] is not eligible for getting processed by all BeanPostProcessors (for example: not eligible for auto-proxying)
2020-02-23 22:34:12.207  INFO 8152 --- [    Test worker] o.s.b.w.embedded.tomcat.TomcatWebServer  : Tomcat initialized with port(s): 0 (http)
2020-02-23 22:34:12.245  INFO 8152 --- [    Test worker] o.apache.catalina.core.StandardService   : Starting service [Tomcat]
2020-02-23 22:34:12.245  INFO 8152 --- [    Test worker] org.apache.catalina.core.StandardEngine  : Starting Servlet engine: [Apache Tomcat/9.0.22]
2020-02-23 22:34:12.424  INFO 8152 --- [    Test worker] o.a.c.c.C.[Tomcat].[localhost].[/]       : Initializing Spring embedded WebApplicationContext
2020-02-23 22:34:12.424  INFO 8152 --- [    Test worker] o.s.web.context.ContextLoader            : Root WebApplicationContext: initialization completed in 2502 ms
2020-02-23 22:34:12.811  INFO 8152 --- [    Test worker] com.zaxxer.hikari.HikariDataSource       : HikariPool-1 - Starting...
2020-02-23 22:34:13.037  INFO 8152 --- [    Test worker] com.zaxxer.hikari.HikariDataSource       : HikariPool-1 - Start completed.
2020-02-23 22:34:13.197  INFO 8152 --- [    Test worker] o.hibernate.jpa.internal.util.LogHelper  : HHH000204: Processing PersistenceUnitInfo [
	name: default
	...]
2020-02-23 22:34:13.317  INFO 8152 --- [    Test worker] org.hibernate.Version                    : HHH000412: Hibernate Core {5.3.10.Final}
2020-02-23 22:34:13.320  INFO 8152 --- [    Test worker] org.hibernate.cfg.Environment            : HHH000206: hibernate.properties not found
2020-02-23 22:34:13.584  INFO 8152 --- [    Test worker] o.hibernate.annotations.common.Version   : HCANN000001: Hibernate Commons Annotations {5.0.4.Final}
2020-02-23 22:34:13.839  INFO 8152 --- [    Test worker] org.hibernate.dialect.Dialect            : HHH000400: Using dialect: org.hibernate.dialect.H2Dialect
Hibernate: drop table posts if exists
Hibernate: create table posts (id bigint generated by default as identity, create_date timestamp, modified_date timestamp, author TEXT, content TEXT not null, title varchar(500) not null, primary key (id))
2020-02-23 22:34:14.915  INFO 8152 --- [    Test worker] o.h.t.schema.internal.SchemaCreatorImpl  : HHH000476: Executing import script 'org.hibernate.tool.schema.internal.exec.ScriptSourceInputNonExistentImpl@6d575c6c'
2020-02-23 22:34:14.922  INFO 8152 --- [    Test worker] j.LocalContainerEntityManagerFactoryBean : Initialized JPA EntityManagerFactory for persistence unit 'default'
2020-02-23 22:34:16.649  INFO 8152 --- [    Test worker] o.s.s.concurrent.ThreadPoolTaskExecutor  : Initializing ExecutorService 'applicationTaskExecutor'
2020-02-23 22:34:16.779  WARN 8152 --- [    Test worker] aWebConfiguration$JpaWebMvcConfiguration : spring.jpa.open-in-view is enabled by default. Therefore, database queries may be performed during view rendering. Explicitly configure spring.jpa.open-in-view to disable this warning
2020-02-23 22:34:16.885  INFO 8152 --- [    Test worker] o.s.b.a.w.s.WelcomePageHandlerMapping    : Adding welcome page template: index
2020-02-23 22:34:17.549  INFO 8152 --- [    Test worker] o.s.b.w.embedded.tomcat.TomcatWebServer  : Tomcat started on port(s): 60739 (http) with context path ''
2020-02-23 22:34:17.566  INFO 8152 --- [    Test worker] c.sahngju.first.web.IndexControllerTest  : Started IndexControllerTest in 8.071 seconds (JVM running for 9.673)
2020-02-23 22:34:17.822  INFO 8152 --- [-auto-1-exec-10] o.a.c.c.C.[Tomcat].[localhost].[/]       : Initializing Spring DispatcherServlet 'dispatcherServlet'
2020-02-23 22:34:17.822  INFO 8152 --- [-auto-1-exec-10] o.s.web.servlet.DispatcherServlet        : Initializing Servlet 'dispatcherServlet'
2020-02-23 22:34:17.869  INFO 8152 --- [-auto-1-exec-10] o.s.web.servlet.DispatcherServlet        : Completed initialization in 46 ms
]]></system-out>
  <system-err><![CDATA[]]></system-err>
</testsuite>
