<?xml version="1.0" encoding="UTF-8"?>
<testsuite name="com.sahngju.first.web.IndexControllerTest" tests="1" skipped="0" failures="0" errors="0" timestamp="2020-03-08T16:21:57" hostname="SJ-DESKTOP" time="0.226">
  <properties/>
  <testcase name="loadingMainPage" classname="com.sahngju.first.web.IndexControllerTest" time="0.226"/>
  <system-out><![CDATA[2020-03-09 01:21:57.257  INFO 11092 --- [    Test worker] .b.t.c.SpringBootTestContextBootstrapper : Neither @ContextConfiguration nor @ContextHierarchy found for test class [com.sahngju.first.web.IndexControllerTest], using SpringBootContextLoader
2020-03-09 01:21:57.258  INFO 11092 --- [    Test worker] o.s.t.c.support.AbstractContextLoader    : Could not detect default resource locations for test class [com.sahngju.first.web.IndexControllerTest]: no resource found for suffixes {-context.xml, Context.groovy}.
2020-03-09 01:21:57.258  INFO 11092 --- [    Test worker] t.c.s.AnnotationConfigContextLoaderUtils : Could not detect default configuration classes for test class [com.sahngju.first.web.IndexControllerTest]: IndexControllerTest does not declare any static, non-private, non-final, nested classes annotated with @Configuration.
2020-03-09 01:21:57.260  INFO 11092 --- [    Test worker] .b.t.c.SpringBootTestContextBootstrapper : Found @SpringBootConfiguration com.sahngju.first.Application for test class com.sahngju.first.web.IndexControllerTest
2020-03-09 01:21:57.262  INFO 11092 --- [    Test worker] .b.t.c.SpringBootTestContextBootstrapper : Loaded default TestExecutionListener class names from location [META-INF/spring.factories]: [org.springframework.security.test.context.support.WithSecurityContextTestExecutionListener, org.springframework.security.test.context.support.ReactorContextTestExecutionListener, org.springframework.boot.test.autoconfigure.restdocs.RestDocsTestExecutionListener, org.springframework.boot.test.autoconfigure.web.client.MockRestServiceServerResetTestExecutionListener, org.springframework.boot.test.autoconfigure.web.servlet.MockMvcPrintOnlyOnFailureTestExecutionListener, org.springframework.boot.test.autoconfigure.web.servlet.WebDriverTestExecutionListener, org.springframework.boot.test.mock.mockito.MockitoTestExecutionListener, org.springframework.boot.test.mock.mockito.ResetMocksTestExecutionListener, org.springframework.test.context.web.ServletTestExecutionListener, org.springframework.test.context.support.DirtiesContextBeforeModesTestExecutionListener, org.springframework.test.context.support.DependencyInjectionTestExecutionListener, org.springframework.test.context.support.DirtiesContextTestExecutionListener, org.springframework.test.context.transaction.TransactionalTestExecutionListener, org.springframework.test.context.jdbc.SqlScriptsTestExecutionListener]
2020-03-09 01:21:57.264  INFO 11092 --- [    Test worker] .b.t.c.SpringBootTestContextBootstrapper : Using TestExecutionListeners: [org.springframework.test.context.web.ServletTestExecutionListener@4a374672, org.springframework.test.context.support.DirtiesContextBeforeModesTestExecutionListener@8e842f8, org.springframework.boot.test.mock.mockito.MockitoTestExecutionListener@69dd5c53, org.springframework.boot.test.autoconfigure.SpringBootDependencyInjectionTestExecutionListener@1eab7a0c, org.springframework.test.context.support.DirtiesContextTestExecutionListener@6edfbb7d, org.springframework.test.context.transaction.TransactionalTestExecutionListener@24eadbdc, org.springframework.test.context.jdbc.SqlScriptsTestExecutionListener@275624d6, org.springframework.security.test.context.support.WithSecurityContextTestExecutionListener@62e8512a, org.springframework.security.test.context.support.ReactorContextTestExecutionListener@71ff0a59, org.springframework.boot.test.autoconfigure.restdocs.RestDocsTestExecutionListener@3b90b81, org.springframework.boot.test.autoconfigure.web.client.MockRestServiceServerResetTestExecutionListener@15dfefb4, org.springframework.boot.test.autoconfigure.web.servlet.MockMvcPrintOnlyOnFailureTestExecutionListener@359e8d24, org.springframework.boot.test.autoconfigure.web.servlet.WebDriverTestExecutionListener@3cbae40c, org.springframework.boot.test.mock.mockito.ResetMocksTestExecutionListener@77941519]
2020-03-09 01:21:57.404  INFO 11092 --- [o-auto-1-exec-1] o.a.c.c.C.[Tomcat].[localhost].[/]       : Initializing Spring DispatcherServlet 'dispatcherServlet'
2020-03-09 01:21:57.405  INFO 11092 --- [o-auto-1-exec-1] o.s.web.servlet.DispatcherServlet        : Initializing Servlet 'dispatcherServlet'
2020-03-09 01:21:57.409  INFO 11092 --- [o-auto-1-exec-1] o.s.web.servlet.DispatcherServlet        : Completed initialization in 3 ms
Hibernate: select posts0_.id as id1_0_, posts0_.create_date as create_d2_0_, posts0_.modified_date as modified3_0_, posts0_.author as author4_0_, posts0_.content as content5_0_, posts0_.title as title6_0_ from posts posts0_ order by posts0_.id DESC
]]></system-out>
  <system-err><![CDATA[]]></system-err>
</testsuite>
